Arguments: 
  C:\Program Files\nodejs\node.exe C:\Users\tplawczyk\AppData\Roaming\npm\node_modules\yarn\bin\yarn.js add express

PATH: 
  C:\Program Files\Common Files\Oracle\Java\javapath;C:\Program Files (x86)\Common Files\Oracle\Java\javapath;C:\Program Files\Intel\iCLS Client\;C:\WINDOWS\system32;C:\WINDOWS;C:\WINDOWS\System32\Wbem;C:\WINDOWS\System32\WindowsPowerShell\v1.0\;C:\WINDOWS\System32\OpenSSH\;C:\Program Files\Intel\WiFi\bin\;C:\Program Files\Common Files\Intel\WirelessCommon\;C:\Users\tplawczyk\Downloads\sonar-scanner-cli-4.2.0.1873-windows\sonar-scanner-4.2.0.1873-windows\bin;C:\Users\tplawczyk\AppData\Local\Packages\PythonSoftwareFoundation.Python.3.8_qbz5n2kfra8p0\LocalCache\local-packages\Python38\Scripts;c:\Program Files (x86)\Intel\Intel(R) Management Engine Components\DAL;c:\Program Files\Intel\Intel(R) Management Engine Components\DAL;C:\ProgramData\chocolatey\bin;C:\Program Files\nodejs\;C:\Program Files\Git\cmd;C:\Program Files\Docker\Docker\resources\bin;C:\ProgramData\DockerDesktop\version-bin;C:\Users\tplawczyk\AppData\Local\Microsoft\WindowsApps;C:\ProgramData\TPLAWCZYK\GitHubDesktop\bin;C:\Users\tplawczyk\AppData\Local\GitHubDesktop\bin;C:\Users\tplawczyk\AppData\Local\Microsoft\WindowsApps;C:\Users\tplawczyk\AppData\Local\Packages\PythonSoftwareFoundation.Python.3.8_qbz5n2kfra8p0\LocalCache\local-packages\Python38\Scripts;C:\Users\tplawczyk\AppData\Roaming\cabal\bin;C:\ProgramData\chocolatey\lib\ghc\tools\ghc-8.10.4\bin;C:\Users\tplawczyk\AppData\Local\Programs\Microsoft VS Code\bin;C:\Users\tplawczyk\AppData\Roaming\npm

Yarn version: 
  1.22.10

Node version: 
  15.11.0

Platform: 
  win32 x64

Trace: 
  Error: unable to get local issuer certificate
      at TLSSocket.onConnectSecure (node:_tls_wrap:1531:34)
      at TLSSocket.emit (node:events:378:20)
      at TLSSocket._finishInit (node:_tls_wrap:945:8)
      at TLSWrap.ssl.onhandshakedone (node:_tls_wrap:719:12)

npm manifest: 
  {
    "name": "mybackend",
    "version": "1.0.0",
    "main": "index.js",
    "license": "MIT"
  }

yarn manifest: 
  No manifest

Lockfile: 
  No lockfile
